<?xml version="1.0" encoding="UTF-8" ?>
<testsuite failures="0" time="0.885" errors="0" skipped="0" tests="226" name="TestSuite">
  <properties>
[...]
</properties>
  <testcase time="0.341" classname="storm.starter.bolt.IntermediateRankingsBoltTest" name="negativeOrZeroEmitFrequencyShouldThrowIAE"/>
  <testcase time="0" classname="storm.starter.bolt.IntermediateRankingsBoltTest" name="negativeOrZeroEmitFrequencyShouldThrowIAE"/>
  <testcase time="0" classname="storm.starter.bolt.IntermediateRankingsBoltTest" name="negativeOrZeroEmitFrequencyShouldThrowIAE"/>
  <testcase time="0" classname="storm.starter.bolt.IntermediateRankingsBoltTest" name="negativeOrZeroEmitFrequencyShouldThrowIAE"/>
  <testcase time="0" classname="storm.starter.bolt.IntermediateRankingsBoltTest" name="negativeOrZeroEmitFrequencyShouldThrowIAE"/>
  <testcase time="0" classname="storm.starter.bolt.IntermediateRankingsBoltTest" name="negativeOrZeroTopNShouldThrowIAE"/>
  <testcase time="0" classname="storm.starter.bolt.IntermediateRankingsBoltTest" name="negativeOrZeroTopNShouldThrowIAE"/>
  <testcase time="0" classname="storm.starter.bolt.IntermediateRankingsBoltTest" name="negativeOrZeroTopNShouldThrowIAE"/>
  <testcase time="0" classname="storm.starter.bolt.IntermediateRankingsBoltTest" name="negativeOrZeroTopNShouldThrowIAE"/>
  <testcase time="0" classname="storm.starter.bolt.IntermediateRankingsBoltTest" name="negativeOrZeroTopNShouldThrowIAE"/>
  <testcase time="0" classname="storm.starter.bolt.IntermediateRankingsBoltTest" name="positiveEmitFrequencyShouldBeOk"/>
  <testcase time="0" classname="storm.starter.bolt.IntermediateRankingsBoltTest" name="positiveEmitFrequencyShouldBeOk"/>
  <testcase time="0" classname="storm.starter.bolt.IntermediateRankingsBoltTest" name="positiveEmitFrequencyShouldBeOk"/>
  <testcase time="0" classname="storm.starter.bolt.IntermediateRankingsBoltTest" name="positiveEmitFrequencyShouldBeOk"/>
  <testcase time="0" classname="storm.starter.bolt.IntermediateRankingsBoltTest" name="positiveTopNShouldBeOk"/>
  <testcase time="0" classname="storm.starter.bolt.IntermediateRankingsBoltTest" name="positiveTopNShouldBeOk"/>
  <testcase time="0" classname="storm.starter.bolt.IntermediateRankingsBoltTest" name="positiveTopNShouldBeOk"/>
  <testcase time="0" classname="storm.starter.bolt.IntermediateRankingsBoltTest" name="positiveTopNShouldBeOk"/>
  <testcase time="0.202" classname="storm.starter.bolt.IntermediateRankingsBoltTest" name="shouldDeclareOutputFields"/>
  <testcase time="0.06" classname="storm.starter.bolt.IntermediateRankingsBoltTest" name="shouldEmitNothingIfNormalTupleIsReceived"/>
  <testcase time="0" classname="storm.starter.bolt.IntermediateRankingsBoltTest" name="shouldEmitSomethingIfTickTupleIsReceived"/>
  <testcase time="0.01" classname="storm.starter.bolt.IntermediateRankingsBoltTest" name="shouldSetTickTupleFrequencyInComponentConfigurationToNonZeroValue"/>
  <testcase time="0.01" classname="storm.starter.tools.NthLastModifiedTimeTrackerTest" name="negativeOrZeroNumTimesToTrackShouldThrowIAE"/>
  <testcase time="0" classname="storm.starter.tools.NthLastModifiedTimeTrackerTest" name="negativeOrZeroNumTimesToTrackShouldThrowIAE"/>
  <testcase time="0" classname="storm.starter.tools.NthLastModifiedTimeTrackerTest" name="negativeOrZeroNumTimesToTrackShouldThrowIAE"/>
  <testcase time="0" classname="storm.starter.tools.NthLastModifiedTimeTrackerTest" name="negativeOrZeroNumTimesToTrackShouldThrowIAE"/>
  <testcase time="0" classname="storm.starter.tools.NthLastModifiedTimeTrackerTest" name="negativeOrZeroNumTimesToTrackShouldThrowIAE"/>
  <testcase time="0" classname="storm.starter.tools.NthLastModifiedTimeTrackerTest" name="positiveNumTimesToTrackShouldBeOk"/>
  <testcase time="0" classname="storm.starter.tools.NthLastModifiedTimeTrackerTest" name="positiveNumTimesToTrackShouldBeOk"/>
  <testcase time="0.01" classname="storm.starter.tools.NthLastModifiedTimeTrackerTest" name="positiveNumTimesToTrackShouldBeOk"/>
  <testcase time="0" classname="storm.starter.tools.NthLastModifiedTimeTrackerTest" name="positiveNumTimesToTrackShouldBeOk"/>
  <testcase time="0" classname="storm.starter.tools.NthLastModifiedTimeTrackerTest" name="shouldReturnCorrectModifiedTimeEvenWhenNotYetMarkedAsModified"/>
  <testcase time="0" classname="storm.starter.tools.NthLastModifiedTimeTrackerTest" name="shouldReturnCorrectModifiedTimeEvenWhenNotYetMarkedAsModified"/>
  <testcase time="0" classname="storm.starter.tools.NthLastModifiedTimeTrackerTest" name="shouldReturnCorrectModifiedTimeEvenWhenNotYetMarkedAsModified"/>
  <testcase time="0" classname="storm.starter.tools.NthLastModifiedTimeTrackerTest" name="shouldReturnCorrectModifiedTimeEvenWhenNotYetMarkedAsModified"/>
  <testcase time="0" classname="storm.starter.tools.NthLastModifiedTimeTrackerTest" name="shouldReturnCorrectModifiedTimeEvenWhenNotYetMarkedAsModified"/>
  <testcase time="0" classname="storm.starter.tools.NthLastModifiedTimeTrackerTest" name="shouldReturnCorrectModifiedTimeEvenWhenNotYetMarkedAsModified"/>
  <testcase time="0" classname="storm.starter.tools.NthLastModifiedTimeTrackerTest" name="shouldReturnCorrectModifiedTimeEvenWhenNotYetMarkedAsModified"/>
  <testcase time="0" classname="storm.starter.tools.NthLastModifiedTimeTrackerTest" name="shouldReturnCorrectModifiedTimeEvenWhenNotYetMarkedAsModified"/>
  <testcase time="0.01" classname="storm.starter.tools.NthLastModifiedTimeTrackerTest" name="shouldReturnCorrectModifiedTimeWhenMarkedAsModified"/>
  <testcase time="0" classname="storm.starter.tools.NthLastModifiedTimeTrackerTest" name="shouldReturnCorrectModifiedTimeWhenMarkedAsModified"/>
  <testcase time="0" classname="storm.starter.tools.NthLastModifiedTimeTrackerTest" name="shouldReturnCorrectModifiedTimeWhenMarkedAsModified"/>
  <testcase time="0" classname="storm.starter.tools.NthLastModifiedTimeTrackerTest" name="shouldReturnCorrectModifiedTimeWhenMarkedAsModified"/>
  <testcase time="0" classname="storm.starter.tools.NthLastModifiedTimeTrackerTest" name="shouldReturnCorrectModifiedTimeWhenMarkedAsModified"/>
  <testcase time="0" classname="storm.starter.tools.NthLastModifiedTimeTrackerTest" name="shouldReturnCorrectModifiedTimeWhenMarkedAsModified"/>
  <testcase time="0" classname="storm.starter.tools.NthLastModifiedTimeTrackerTest" name="shouldReturnCorrectModifiedTimeWhenMarkedAsModified"/>
  <testcase time="0" classname="storm.starter.tools.NthLastModifiedTimeTrackerTest" name="shouldReturnCorrectModifiedTimeWhenMarkedAsModified"/>
  <testcase time="0" classname="storm.starter.tools.NthLastModifiedTimeTrackerTest" name="shouldReturnCorrectModifiedTimeWhenMarkedAsModified"/>
  <testcase time="0" classname="storm.starter.tools.NthLastModifiedTimeTrackerTest" name="shouldReturnCorrectModifiedTimeWhenMarkedAsModified"/>
  <testcase time="0" classname="storm.starter.tools.NthLastModifiedTimeTrackerTest" name="shouldReturnCorrectModifiedTimeWhenMarkedAsModified"/>
  <testcase time="0" classname="storm.starter.tools.NthLastModifiedTimeTrackerTest" name="shouldReturnCorrectModifiedTimeWhenMarkedAsModified"/>
  <testcase time="0" classname="storm.starter.tools.NthLastModifiedTimeTrackerTest" name="shouldReturnCorrectModifiedTimeWhenMarkedAsModified"/>
  <testcase time="0.01" classname="storm.starter.tools.NthLastModifiedTimeTrackerTest" name="shouldReturnCorrectModifiedTimeWhenMarkedAsModified"/>
  <testcase time="0" classname="storm.starter.tools.NthLastModifiedTimeTrackerTest" name="shouldReturnCorrectModifiedTimeWhenMarkedAsModified"/>
  <testcase time="0" classname="storm.starter.tools.NthLastModifiedTimeTrackerTest" name="shouldReturnCorrectModifiedTimeWhenMarkedAsModified"/>
  <testcase time="0" classname="storm.starter.tools.NthLastModifiedTimeTrackerTest" name="shouldReturnCorrectModifiedTimeWhenMarkedAsModified"/>
  <testcase time="0" classname="storm.starter.tools.NthLastModifiedTimeTrackerTest" name="shouldReturnCorrectModifiedTimeWhenMarkedAsModified"/>
  <testcase time="0" classname="storm.starter.tools.NthLastModifiedTimeTrackerTest" name="shouldReturnCorrectModifiedTimeWhenMarkedAsModified"/>
  <testcase time="0" classname="storm.starter.tools.NthLastModifiedTimeTrackerTest" name="shouldReturnCorrectModifiedTimeWhenMarkedAsModified"/>
  <testcase time="0" classname="storm.starter.tools.NthLastModifiedTimeTrackerTest" name="shouldReturnCorrectModifiedTimeWhenMarkedAsModified"/>
  <testcase time="0" classname="storm.starter.tools.NthLastModifiedTimeTrackerTest" name="shouldReturnCorrectModifiedTimeWhenMarkedAsModified"/>
  <testcase time="0" classname="storm.starter.tools.RankableObjectWithFieldsTest" name="constructorWithNegativeCountAndFieldsShouldThrowIAE"/>
  <testcase time="0" classname="storm.starter.tools.RankableObjectWithFieldsTest" name="constructorWithNegativeCountAndNoFieldsShouldThrowIAE"/>
  <testcase time="0" classname="storm.starter.tools.RankableObjectWithFieldsTest" name="constructorWithNullObjectAndFieldsShouldThrowIAE"/>
  <testcase time="0" classname="storm.starter.tools.RankableObjectWithFieldsTest" name="constructorWithNullObjectAndNoFieldsShouldThrowIAE"/>
  <testcase time="0" classname="storm.starter.tools.RankableObjectWithFieldsTest" name="copyShouldReturnCopy"/>
  <testcase time="0" classname="storm.starter.tools.RankableObjectWithFieldsTest" name="copyShouldReturnCopy"/>
  <testcase time="0.01" classname="storm.starter.tools.RankableObjectWithFieldsTest" name="copyShouldReturnCopy"/>
  <testcase time="0" classname="storm.starter.tools.RankableObjectWithFieldsTest" name="fieldsShouldBeImmutable"/>
  <testcase time="0" classname="storm.starter.tools.RankableObjectWithFieldsTest" name="shouldBeEqualToItself"/>
  <testcase time="0" classname="storm.starter.tools.RankableObjectWithFieldsTest" name="shouldBeEqualToTrueDuplicates"/>
  <testcase time="0.01" classname="storm.starter.tools.RankableObjectWithFieldsTest" name="shouldBeEqualToTrueDuplicates"/>
  <testcase time="0" classname="storm.starter.tools.RankableObjectWithFieldsTest" name="shouldBeEqualToTrueDuplicates"/>
  <testcase time="0" classname="storm.starter.tools.RankableObjectWithFieldsTest" name="shouldCreateRankableObjectFromTuple"/>
  <testcase time="0" classname="storm.starter.tools.RankableObjectWithFieldsTest" name="shouldHaveDifferentHashCodeThanFalseDuplicates"/>
  <testcase time="0" classname="storm.starter.tools.RankableObjectWithFieldsTest" name="shouldHaveDifferentHashCodeThanFalseDuplicates"/>
  <testcase time="0" classname="storm.starter.tools.RankableObjectWithFieldsTest" name="shouldHaveDifferentHashCodeThanFalseDuplicates"/>
  <testcase time="0" classname="storm.starter.tools.RankableObjectWithFieldsTest" name="shouldHaveDifferentHashCodeThanFalseDuplicates"/>
  <testcase time="0" classname="storm.starter.tools.RankableObjectWithFieldsTest" name="shouldHaveDifferentHashCodeThanFalseDuplicates"/>
  <testcase time="0" classname="storm.starter.tools.RankableObjectWithFieldsTest" name="shouldHaveDifferentHashCodeThanFalseDuplicates"/>
  <testcase time="0" classname="storm.starter.tools.RankableObjectWithFieldsTest" name="shouldHaveSameHashCodeAsTrueDuplicates"/>
  <testcase time="0" classname="storm.starter.tools.RankableObjectWithFieldsTest" name="shouldHaveSameHashCodeAsTrueDuplicates"/>
  <testcase time="0" classname="storm.starter.tools.RankableObjectWithFieldsTest" name="shouldHaveSameHashCodeAsTrueDuplicates"/>
  <testcase time="0" classname="storm.starter.tools.RankableObjectWithFieldsTest" name="shouldNotBeEqualToFalseDuplicates"/>
  <testcase time="0" classname="storm.starter.tools.RankableObjectWithFieldsTest" name="shouldNotBeEqualToFalseDuplicates"/>
  <testcase time="0" classname="storm.starter.tools.RankableObjectWithFieldsTest" name="shouldNotBeEqualToFalseDuplicates"/>
  <testcase time="0" classname="storm.starter.tools.RankableObjectWithFieldsTest" name="shouldNotBeEqualToFalseDuplicates"/>
  <testcase time="0" classname="storm.starter.tools.RankableObjectWithFieldsTest" name="shouldNotBeEqualToFalseDuplicates"/>
  <testcase time="0" classname="storm.starter.tools.RankableObjectWithFieldsTest" name="shouldNotBeEqualToFalseDuplicates"/>
  <testcase time="0" classname="storm.starter.tools.RankableObjectWithFieldsTest" name="shouldNotBeEqualToInstancesOfOtherClasses"/>
  <testcase time="0" classname="storm.starter.tools.RankableObjectWithFieldsTest" name="shouldNotBeEqualToInstancesOfOtherClasses"/>
  <testcase time="0" classname="storm.starter.tools.RankableObjectWithFieldsTest" name="shouldNotBeEqualToInstancesOfOtherClasses"/>
  <testcase time="0.01" classname="storm.starter.tools.RankableObjectWithFieldsTest" name="shouldNotBeEqualToInstancesOfOtherClasses"/>
  <testcase time="0" classname="storm.starter.tools.RankableObjectWithFieldsTest" name="shouldReturnTheCount"/>
  <testcase time="0" classname="storm.starter.tools.RankableObjectWithFieldsTest" name="shouldReturnTheFields"/>
  <testcase time="0" classname="storm.starter.tools.RankableObjectWithFieldsTest" name="shouldReturnTheFields"/>
  <testcase time="0" classname="storm.starter.tools.RankableObjectWithFieldsTest" name="shouldReturnTheObject"/>
  <testcase time="0" classname="storm.starter.tools.RankableObjectWithFieldsTest" name="toStringShouldContainStringRepresentationsOfObjectAndCount"/>
  <testcase time="0" classname="storm.starter.tools.RankableObjectWithFieldsTest" name="toStringShouldContainStringRepresentationsOfObjectAndCount"/>
  <testcase time="0" classname="storm.starter.tools.RankableObjectWithFieldsTest" name="verifyCompareTo"/>
  <testcase time="0" classname="storm.starter.tools.RankableObjectWithFieldsTest" name="verifyCompareTo"/>
  <testcase time="0" classname="storm.starter.tools.RankableObjectWithFieldsTest" name="verifyCompareTo"/>
  <testcase time="0" classname="storm.starter.tools.RankableObjectWithFieldsTest" name="verifyCompareTo"/>
  <testcase time="0" classname="storm.starter.tools.RankableObjectWithFieldsTest" name="verifyCompareTo"/>
  <testcase time="0" classname="storm.starter.tools.RankableObjectWithFieldsTest" name="verifyCompareTo"/>
  <testcase time="0" classname="storm.starter.tools.RankableObjectWithFieldsTest" name="verifyCompareTo"/>
  <testcase time="0" classname="storm.starter.tools.RankableObjectWithFieldsTest" name="verifyCompareTo"/>
  <testcase time="0" classname="storm.starter.tools.RankableObjectWithFieldsTest" name="verifyCompareTo"/>
  <testcase time="0" classname="storm.starter.tools.RankableObjectWithFieldsTest" name="verifyCompareTo"/>
  <testcase time="0" classname="storm.starter.tools.RankingsTest" name="constructorWithNegativeOrZeroTopNShouldThrowIAE"/>
  <testcase time="0" classname="storm.starter.tools.RankingsTest" name="constructorWithNegativeOrZeroTopNShouldThrowIAE"/>
  <testcase time="0" classname="storm.starter.tools.RankingsTest" name="constructorWithNegativeOrZeroTopNShouldThrowIAE"/>
  <testcase time="0" classname="storm.starter.tools.RankingsTest" name="constructorWithNegativeOrZeroTopNShouldThrowIAE"/>
  <testcase time="0" classname="storm.starter.tools.RankingsTest" name="constructorWithPositiveTopNShouldBeOk"/>
  <testcase time="0" classname="storm.starter.tools.RankingsTest" name="constructorWithPositiveTopNShouldBeOk"/>
  <testcase time="0" classname="storm.starter.tools.RankingsTest" name="constructorWithPositiveTopNShouldBeOk"/>
  <testcase time="0" classname="storm.starter.tools.RankingsTest" name="constructorWithPositiveTopNShouldBeOk"/>
  <testcase time="0" classname="storm.starter.tools.RankingsTest" name="copyConstructorShouldReturnCopy"/>
  <testcase time="0" classname="storm.starter.tools.RankingsTest" name="copyConstructorShouldReturnCopy"/>
  <testcase time="0" classname="storm.starter.tools.RankingsTest" name="copyConstructorShouldReturnCopy"/>
  <testcase time="0" classname="storm.starter.tools.RankingsTest" name="copyConstructorShouldReturnCopy"/>
  <testcase time="0" classname="storm.starter.tools.RankingsTest" name="copyConstructorShouldReturnCopy"/>
  <testcase time="0" classname="storm.starter.tools.RankingsTest" name="copyConstructorShouldReturnDefensiveCopy"/>
  <testcase time="0" classname="storm.starter.tools.RankingsTest" name="copyConstructorShouldReturnDefensiveCopy"/>
  <testcase time="0" classname="storm.starter.tools.RankingsTest" name="copyConstructorShouldReturnDefensiveCopy"/>
  <testcase time="0" classname="storm.starter.tools.RankingsTest" name="copyConstructorShouldReturnDefensiveCopy"/>
  <testcase time="0" classname="storm.starter.tools.RankingsTest" name="copyConstructorShouldReturnDefensiveCopy"/>
  <testcase time="0" classname="storm.starter.tools.RankingsTest" name="copyConstructorShouldReturnDefensiveCopy"/>
  <testcase time="0" classname="storm.starter.tools.RankingsTest" name="copyShouldReturnCopy"/>
  <testcase time="0" classname="storm.starter.tools.RankingsTest" name="copyShouldReturnCopy"/>
  <testcase time="0" classname="storm.starter.tools.RankingsTest" name="copyShouldReturnCopy"/>
  <testcase time="0" classname="storm.starter.tools.RankingsTest" name="copyShouldReturnCopy"/>
  <testcase time="0" classname="storm.starter.tools.RankingsTest" name="copyShouldReturnCopy"/>
  <testcase time="0" classname="storm.starter.tools.RankingsTest" name="copyShouldReturnDefensiveCopy"/>
  <testcase time="0" classname="storm.starter.tools.RankingsTest" name="copyShouldReturnDefensiveCopy"/>
  <testcase time="0" classname="storm.starter.tools.RankingsTest" name="copyShouldReturnDefensiveCopy"/>
  <testcase time="0" classname="storm.starter.tools.RankingsTest" name="copyShouldReturnDefensiveCopy"/>
  <testcase time="0" classname="storm.starter.tools.RankingsTest" name="copyShouldReturnDefensiveCopy"/>
  <testcase time="0" classname="storm.starter.tools.RankingsTest" name="copyShouldReturnDefensiveCopy"/>
  <testcase time="0" classname="storm.starter.tools.RankingsTest" name="defaultConstructorShouldSetPositiveTopN"/>
  <testcase time="0" classname="storm.starter.tools.RankingsTest" name="shouldCorrectlyRankWhenEmptyAndUpdatedWithOtherRankings"/>
  <testcase time="0" classname="storm.starter.tools.RankingsTest" name="shouldCorrectlyRankWhenEmptyAndUpdatedWithOtherRankings"/>
  <testcase time="0" classname="storm.starter.tools.RankingsTest" name="shouldCorrectlyRankWhenEmptyAndUpdatedWithOtherRankings"/>
  <testcase time="0" classname="storm.starter.tools.RankingsTest" name="shouldCorrectlyRankWhenEmptyAndUpdatedWithOtherRankings"/>
  <testcase time="0" classname="storm.starter.tools.RankingsTest" name="shouldCorrectlyRankWhenNotEmptyAndUpdatedWithOtherRankings"/>
  <testcase time="0" classname="storm.starter.tools.RankingsTest" name="shouldCorrectlyRankWhenNotEmptyAndUpdatedWithOtherRankings"/>
  <testcase time="0" classname="storm.starter.tools.RankingsTest" name="shouldCorrectlyRankWhenNotEmptyAndUpdatedWithOtherRankings"/>
  <testcase time="0" classname="storm.starter.tools.RankingsTest" name="shouldCorrectlyRankWhenNotEmptyAndUpdatedWithOtherRankings"/>
  <testcase time="0.01" classname="storm.starter.tools.RankingsTest" name="shouldCorrectlyRankWhenUpdatedWithEmptyOtherRankings"/>
  <testcase time="0" classname="storm.starter.tools.RankingsTest" name="shouldCorrectlyRankWhenUpdatedWithEmptyOtherRankings"/>
  <testcase time="0" classname="storm.starter.tools.RankingsTest" name="shouldCorrectlyRankWhenUpdatedWithEmptyOtherRankings"/>
  <testcase time="0" classname="storm.starter.tools.RankingsTest" name="shouldCorrectlyRankWhenUpdatedWithEmptyOtherRankings"/>
  <testcase time="0" classname="storm.starter.tools.RankingsTest" name="shouldCorrectlyRankWhenUpdatedWithRankables"/>
  <testcase time="0" classname="storm.starter.tools.RankingsTest" name="shouldCorrectlyRankWhenUpdatedWithRankables"/>
  <testcase time="0" classname="storm.starter.tools.RankingsTest" name="shouldCorrectlyRankWhenUpdatedWithRankables"/>
  <testcase time="0" classname="storm.starter.tools.RankingsTest" name="shouldCorrectlyRankWhenUpdatedWithRankables"/>
  <testcase time="0" classname="storm.starter.tools.RankingsTest" name="shouldHaveDefaultConstructor"/>
  <testcase time="0" classname="storm.starter.tools.RankingsTest" name="shouldNotRankDuplicateObjectsMoreThanOnce"/>
  <testcase time="0" classname="storm.starter.tools.RankingsTest" name="shouldNotRankDuplicateObjectsMoreThanOnce"/>
  <testcase time="0" classname="storm.starter.tools.RankingsTest" name="shouldRemoveZeroCounts"/>
  <testcase time="0" classname="storm.starter.tools.RankingsTest" name="shouldRemoveZeroCounts"/>
  <testcase time="0" classname="storm.starter.tools.RankingsTest" name="shouldRemoveZeroCounts"/>
  <testcase time="0" classname="storm.starter.tools.RankingsTest" name="shouldRemoveZeroCounts"/>
  <testcase time="0" classname="storm.starter.tools.RankingsTest" name="shouldRemoveZeroCounts"/>
  <testcase time="0" classname="storm.starter.tools.RankingsTest" name="shouldRemoveZeroCounts"/>
  <testcase time="0" classname="storm.starter.tools.RankingsTest" name="shouldRemoveZeroCounts"/>
  <testcase time="0" classname="storm.starter.tools.RankingsTest" name="sizeOfRankingsShouldNotGrowBeyondTopN"/>
  <testcase time="0" classname="storm.starter.tools.RankingsTest" name="sizeOfRankingsShouldNotGrowBeyondTopN"/>
  <testcase time="0.05" classname="storm.starter.tools.RankingsTest" name="updatingWithNewRankablesShouldBeThreadSafe"/>
  <testcase time="0" classname="storm.starter.bolt.RollingCountBoltTest" name="shouldDeclareOutputFields"/>
  <testcase time="0.092" classname="storm.starter.bolt.RollingCountBoltTest" name="shouldEmitNothingIfNoObjectHasBeenCountedYetAndTickTupleIsReceived"/>
  <testcase time="0" classname="storm.starter.bolt.RollingCountBoltTest" name="shouldEmitSomethingIfAtLeastOneObjectWasCountedAndTickTupleIsReceived"/>
  <testcase time="0" classname="storm.starter.bolt.RollingCountBoltTest" name="shouldSetTickTupleFrequencyInComponentConfigurationToNonZeroValue"/>
  <testcase time="0" classname="storm.starter.tools.SlidingWindowCounterTest" name="lessThanTwoSlotsShouldThrowIAE"/>
  <testcase time="0" classname="storm.starter.tools.SlidingWindowCounterTest" name="lessThanTwoSlotsShouldThrowIAE"/>
  <testcase time="0" classname="storm.starter.tools.SlidingWindowCounterTest" name="lessThanTwoSlotsShouldThrowIAE"/>
  <testcase time="0" classname="storm.starter.tools.SlidingWindowCounterTest" name="lessThanTwoSlotsShouldThrowIAE"/>
  <testcase time="0" classname="storm.starter.tools.SlidingWindowCounterTest" name="lessThanTwoSlotsShouldThrowIAE"/>
  <testcase time="0" classname="storm.starter.tools.SlidingWindowCounterTest" name="lessThanTwoSlotsShouldThrowIAE"/>
  <testcase time="0" classname="storm.starter.tools.SlidingWindowCounterTest" name="newInstanceShouldHaveEmptyCounts"/>
  <testcase time="0" classname="storm.starter.tools.SlidingWindowCounterTest" name="testCounterWithSimulatedRuns"/>
  <testcase time="0" classname="storm.starter.tools.SlidingWindowCounterTest" name="testCounterWithSimulatedRuns"/>
  <testcase time="0" classname="storm.starter.tools.SlidingWindowCounterTest" name="testCounterWithSimulatedRuns"/>
  <testcase time="0.01" classname="storm.starter.tools.SlidingWindowCounterTest" name="testCounterWithSimulatedRuns"/>
  <testcase time="0" classname="storm.starter.tools.SlidingWindowCounterTest" name="testCounterWithSimulatedRuns"/>
  <testcase time="0" classname="storm.starter.tools.SlidingWindowCounterTest" name="twoOrMoreSlotsShouldBeValid"/>
  <testcase time="0" classname="storm.starter.tools.SlidingWindowCounterTest" name="twoOrMoreSlotsShouldBeValid"/>
  <testcase time="0" classname="storm.starter.tools.SlidingWindowCounterTest" name="twoOrMoreSlotsShouldBeValid"/>
  <testcase time="0" classname="storm.starter.tools.SlotBasedCounterTest" name="negativeOrZeroNumSlotsShouldThrowIAE"/>
  <testcase time="0" classname="storm.starter.tools.SlotBasedCounterTest" name="negativeOrZeroNumSlotsShouldThrowIAE"/>
  <testcase time="0" classname="storm.starter.tools.SlotBasedCounterTest" name="negativeOrZeroNumSlotsShouldThrowIAE"/>
  <testcase time="0" classname="storm.starter.tools.SlotBasedCounterTest" name="negativeOrZeroNumSlotsShouldThrowIAE"/>
  <testcase time="0" classname="storm.starter.tools.SlotBasedCounterTest" name="negativeOrZeroNumSlotsShouldThrowIAE"/>
  <testcase time="0" classname="storm.starter.tools.SlotBasedCounterTest" name="newInstanceShouldHaveEmptyCounts"/>
  <testcase time="0" classname="storm.starter.tools.SlotBasedCounterTest" name="positiveNumSlotsShouldBeOk"/>
  <testcase time="0" classname="storm.starter.tools.SlotBasedCounterTest" name="positiveNumSlotsShouldBeOk"/>
  <testcase time="0" classname="storm.starter.tools.SlotBasedCounterTest" name="positiveNumSlotsShouldBeOk"/>
  <testcase time="0" classname="storm.starter.tools.SlotBasedCounterTest" name="positiveNumSlotsShouldBeOk"/>
  <testcase time="0" classname="storm.starter.tools.SlotBasedCounterTest" name="shouldIncrementCount"/>
  <testcase time="0" classname="storm.starter.tools.SlotBasedCounterTest" name="shouldIncrementCountOnlyOneSlotAtATime"/>
  <testcase time="0" classname="storm.starter.tools.SlotBasedCounterTest" name="shouldReturnNonEmptyCountsWhenAtLeastOneObjectWasCounted"/>
  <testcase time="0" classname="storm.starter.tools.SlotBasedCounterTest" name="shouldReturnZeroForNonexistentObject"/>
  <testcase time="0" classname="storm.starter.tools.SlotBasedCounterTest" name="wipeSlotShouldSetAllCountsInSlotToZero"/>
  <testcase time="0" classname="storm.starter.tools.SlotBasedCounterTest" name="wipeZerosShouldRemoveAnyObjectsWithZeroTotalCount"/>
  <testcase time="0" classname="storm.starter.bolt.TotalRankingsBoltTest" name="negativeOrZeroEmitFrequencyShouldThrowIAE"/>
  <testcase time="0" classname="storm.starter.bolt.TotalRankingsBoltTest" name="negativeOrZeroEmitFrequencyShouldThrowIAE"/>
  <testcase time="0.02" classname="storm.starter.bolt.TotalRankingsBoltTest" name="negativeOrZeroEmitFrequencyShouldThrowIAE"/>
  <testcase time="0" classname="storm.starter.bolt.TotalRankingsBoltTest" name="negativeOrZeroEmitFrequencyShouldThrowIAE"/>
  <testcase time="0" classname="storm.starter.bolt.TotalRankingsBoltTest" name="negativeOrZeroEmitFrequencyShouldThrowIAE"/>
  <testcase time="0" classname="storm.starter.bolt.TotalRankingsBoltTest" name="negativeOrZeroTopNShouldThrowIAE"/>
  <testcase time="0" classname="storm.starter.bolt.TotalRankingsBoltTest" name="negativeOrZeroTopNShouldThrowIAE"/>
  <testcase time="0" classname="storm.starter.bolt.TotalRankingsBoltTest" name="negativeOrZeroTopNShouldThrowIAE"/>
  <testcase time="0" classname="storm.starter.bolt.TotalRankingsBoltTest" name="negativeOrZeroTopNShouldThrowIAE"/>
  <testcase time="0" classname="storm.starter.bolt.TotalRankingsBoltTest" name="negativeOrZeroTopNShouldThrowIAE"/>
  <testcase time="0" classname="storm.starter.bolt.TotalRankingsBoltTest" name="positiveEmitFrequencyShouldBeOk"/>
  <testcase time="0" classname="storm.starter.bolt.TotalRankingsBoltTest" name="positiveEmitFrequencyShouldBeOk"/>
  <testcase time="0" classname="storm.starter.bolt.TotalRankingsBoltTest" name="positiveEmitFrequencyShouldBeOk"/>
  <testcase time="0" classname="storm.starter.bolt.TotalRankingsBoltTest" name="positiveEmitFrequencyShouldBeOk"/>
  <testcase time="0" classname="storm.starter.bolt.TotalRankingsBoltTest" name="positiveTopNShouldBeOk"/>
  <testcase time="0" classname="storm.starter.bolt.TotalRankingsBoltTest" name="positiveTopNShouldBeOk"/>
  <testcase time="0.02" classname="storm.starter.bolt.TotalRankingsBoltTest" name="positiveTopNShouldBeOk"/>
  <testcase time="0" classname="storm.starter.bolt.TotalRankingsBoltTest" name="positiveTopNShouldBeOk"/>
  <testcase time="0" classname="storm.starter.bolt.TotalRankingsBoltTest" name="shouldDeclareOutputFields"/>
  <testcase time="0" classname="storm.starter.bolt.TotalRankingsBoltTest" name="shouldEmitNothingIfNormalTupleIsReceived"/>
  <testcase time="0" classname="storm.starter.bolt.TotalRankingsBoltTest" name="shouldEmitSomethingIfTickTupleIsReceived"/>
  <testcase time="0" classname="storm.starter.bolt.TotalRankingsBoltTest" name="shouldSetTickTupleFrequencyInComponentConfigurationToNonZeroValue"/>
</testsuite>